<?xml version="1.0" encoding="UTF-8"?>
<testng-results ignored="0" total="1" passed="1" failed="0" skipped="0">
  <reporter-output>
  </reporter-output>
  <suite started-at="2019-04-04T11:04:05Z" name="Suite" finished-at="2019-04-04T11:04:15Z" duration-ms="10749">
    <groups>
    </groups>
    <test started-at="2019-04-04T11:04:05Z" name="Test" finished-at="2019-04-04T11:04:15Z" duration-ms="10749">
      <class name="sitetesting.SearchFlight">
        <test-method is-config="true" signature="StartBrowser()[pri:0, instance:sitetesting.SearchFlight@e4487af]" started-at="2019-04-04T11:04:05Z" name="StartBrowser" finished-at="2019-04-04T11:04:15Z" duration-ms="10720" status="PASS">
          <reporter-output>
          </reporter-output>
        </test-method> <!-- StartBrowser -->
        <test-method signature="selectFromAndTo()[pri:0, instance:sitetesting.SearchFlight@e4487af]" started-at="2019-04-04T11:04:15Z" name="selectFromAndTo" finished-at="2019-04-04T11:04:15Z" duration-ms="6" status="PASS">
          <reporter-output>
          </reporter-output>
        </test-method> <!-- selectFromAndTo -->
      </class> <!-- sitetesting.SearchFlight -->
    </test> <!-- Test -->
  </suite> <!-- Suite -->
</testng-results>
