<?xml version="1.0" encoding="UTF-8"?>
<testng-results ignored="0" total="1" passed="1" failed="0" skipped="0">
  <reporter-output>
  </reporter-output>
  <suite started-at="2019-04-12T12:28:39Z" name="Suite" finished-at="2019-04-12T12:28:58Z" duration-ms="18365">
    <groups>
    </groups>
    <test started-at="2019-04-12T12:28:39Z" name="Test" finished-at="2019-04-12T12:28:58Z" duration-ms="18365">
      <class name="sitetesting.SelectFromFirstRow">
        <test-method is-config="true" signature="StartBrowser()[pri:0, instance:sitetesting.SelectFromFirstRow@4c178a76]" started-at="2019-04-12T12:28:39Z" name="StartBrowser" finished-at="2019-04-12T12:28:47Z" duration-ms="7783" status="PASS">
          <reporter-output>
          </reporter-output>
        </test-method> <!-- StartBrowser -->
        <test-method signature="SelectionfromRows()[pri:0, instance:sitetesting.SelectFromFirstRow@4c178a76]" started-at="2019-04-12T12:28:47Z" name="SelectionfromRows" finished-at="2019-04-12T12:28:50Z" duration-ms="3250" status="PASS">
          <reporter-output>
          </reporter-output>
        </test-method> <!-- SelectionfromRows -->
        <test-method is-config="true" signature="closeBrowser()[pri:0, instance:sitetesting.SelectFromFirstRow@4c178a76]" started-at="2019-04-12T12:28:50Z" name="closeBrowser" finished-at="2019-04-12T12:28:58Z" duration-ms="7314" status="PASS">
          <reporter-output>
          </reporter-output>
        </test-method> <!-- closeBrowser -->
      </class> <!-- sitetesting.SelectFromFirstRow -->
    </test> <!-- Test -->
  </suite> <!-- Suite -->
</testng-results>
